<?xml version="1.0" encoding="UTF-8"?>
<!-- Generated by org.testng.reporters.JUnitReportReporter -->
<testsuite hostname="LAPTOP-G0BF4AFQ" failures="0" tests="4" name="api.test.UserTests2" time="11.337" errors="0" timestamp="2023-03-27T16:32:20 IST" skipped="0">
  <testcase classname="api.test.UserTests2" name="testPostUser" time="4.836"/>
  <system-out/>
  <testcase classname="api.test.UserTests2" name="testGetUserByNmae" time="1.783"/>
  <system-out/>
  <testcase classname="api.test.UserTests2" name="testUpdateUserByName" time="3.125"/>
  <system-out/>
  <testcase classname="api.test.UserTests2" name="testDeleteUserByName" time="1.593"/>
  <system-out/>
</testsuite> <!-- api.test.UserTests2 -->
