<?xml version="1.0" encoding="UTF-8"?>
<!-- Generated by org.testng.reporters.JUnitReportReporter -->
<testsuite hostname="LAPTOP-G0BF4AFQ" failures="0" tests="4" name="api.test.UserTests" time="11.299" errors="0" timestamp="2023-03-27T16:25:56 IST" skipped="0">
  <testcase classname="api.test.UserTests" name="testPostUser" time="4.711"/>
  <system-out/>
  <testcase classname="api.test.UserTests" name="testGetUserByNmae" time="1.809"/>
  <system-out/>
  <testcase classname="api.test.UserTests" name="testUpdateUserByName" time="3.185"/>
  <system-out/>
  <testcase classname="api.test.UserTests" name="testDeleteUserByName" time="1.594"/>
  <system-out/>
</testsuite> <!-- api.test.UserTests -->
